[26-Apr-2026 15:55:48 UTC] Error creating game: Database statement failed: An exception occurred while executing a query: SQLSTATE[HY000]: General error: 25 column index out of range
[26-Apr-2026 15:55:48 UTC] Stack trace: #0 C:\xampp\htdocs\proiectpw\src\Repository\PlayerRepository.php(101): App\Database\Database->executeStatement('\r\n            U...', Array)
#1 C:\xampp\htdocs\proiectpw\src\Repository\PlayerRepository.php(70): App\Repository\PlayerRepository->update(Array)
#2 C:\xampp\htdocs\proiectpw\src\Repository\PlayerRepository.php(79): App\Repository\PlayerRepository->save(Array)
#3 C:\xampp\htdocs\proiectpw\src\Service\GameService.php(89): App\Repository\PlayerRepository->saveMultiple(Array)
#4 C:\xampp\htdocs\proiectpw\public\index.php(81): App\Service\GameService->createGame('Test Game')
#5 C:\xampp\htdocs\proiectpw\vendor\slim\slim\Slim\Handlers\Strategies\RequestResponse.php(39): {closure:C:\xampp\htdocs\proiectpw\public\index.php:77}(Object(Slim\Psr7\Request), Object(Slim\Psr7\Response), Array)
#6 C:\xampp\htdocs\proiectpw\vendor\slim\slim\Slim\Routing\Route.php(362): Slim\Handlers\Strategies\RequestResponse->__invoke(Object(Closure), Object(Slim\Psr7\Request), Object(Slim\Psr7\Response), Array)
#7 C:\xampp\htdocs\proiectpw\vendor\slim\slim\Slim\MiddlewareDispatcher.php(73): Slim\Routing\Route->handle(Object(Slim\Psr7\Request))
#8 C:\xampp\htdocs\proiectpw\vendor\slim\slim\Slim\MiddlewareDispatcher.php(73): Slim\MiddlewareDispatcher->handle(Object(Slim\Psr7\Request))
#9 C:\xampp\htdocs\proiectpw\vendor\slim\slim\Slim\Routing\Route.php(321): Slim\MiddlewareDispatcher->handle(Object(Slim\Psr7\Request))
#10 C:\xampp\htdocs\proiectpw\vendor\slim\slim\Slim\Routing\RouteRunner.php(74): Slim\Routing\Route->run(Object(Slim\Psr7\Request))
#11 C:\xampp\htdocs\proiectpw\vendor\slim\slim\Slim\Middleware\BodyParsingMiddleware.php(64): Slim\Routing\RouteRunner->handle(Object(Slim\Psr7\Request))
#12 C:\xampp\htdocs\proiectpw\vendor\slim\slim\Slim\MiddlewareDispatcher.php(129): Slim\Middleware\BodyParsingMiddleware->process(Object(Slim\Psr7\Request), Object(Slim\Routing\RouteRunner))
#13 C:\xampp\htdocs\proiectpw\vendor\slim\slim\Slim\Middleware\ErrorMiddleware.php(77): Psr\Http\Server\RequestHandlerInterface@anonymous->handle(Object(Slim\Psr7\Request))
#14 C:\xampp\htdocs\proiectpw\vendor\slim\slim\Slim\MiddlewareDispatcher.php(129): Slim\Middleware\ErrorMiddleware->process(Object(Slim\Psr7\Request), Object(Psr\Http\Server\RequestHandlerInterface@anonymous))
#15 C:\xampp\htdocs\proiectpw\src\Middleware\AclMiddleware.php(28): Psr\Http\Server\RequestHandlerInterface@anonymous->handle(Object(Slim\Psr7\Request))
#16 C:\xampp\htdocs\proiectpw\vendor\slim\slim\Slim\MiddlewareDispatcher.php(129): App\Middleware\AclMiddleware->process(Object(Slim\Psr7\Request), Object(Psr\Http\Server\RequestHandlerInterface@anonymous))
#17 C:\xampp\htdocs\proiectpw\vendor\slim\slim\Slim\MiddlewareDispatcher.php(73): Psr\Http\Server\RequestHandlerInterface@anonymous->handle(Object(Slim\Psr7\Request))
#18 C:\xampp\htdocs\proiectpw\vendor\slim\slim\Slim\App.php(209): Slim\MiddlewareDispatcher->handle(Object(Slim\Psr7\Request))
#19 C:\xampp\htdocs\proiectpw\vendor\slim\slim\Slim\App.php(193): Slim\App->handle(Object(Slim\Psr7\Request))
#20 C:\xampp\htdocs\proiectpw\public\index.php(218): Slim\App->run()
#21 {main}
[26-Apr-2026 15:55:48 UTC] Slim Application Error
Type: RuntimeException
Code: 0
Message: Database statement failed: An exception occurred while executing a query: SQLSTATE[HY000]: General error: 25 column index out of range
File: C:\xampp\htdocs\proiectpw\src\Database\Database.php
Line: 38
Trace: #0 C:\xampp\htdocs\proiectpw\src\Repository\PlayerRepository.php(101): App\Database\Database->executeStatement('\r\n            U...', Array)
#1 C:\xampp\htdocs\proiectpw\src\Repository\PlayerRepository.php(70): App\Repository\PlayerRepository->update(Array)
#2 C:\xampp\htdocs\proiectpw\src\Repository\PlayerRepository.php(79): App\Repository\PlayerRepository->save(Array)
#3 C:\xampp\htdocs\proiectpw\src\Service\GameService.php(89): App\Repository\PlayerRepository->saveMultiple(Array)
#4 C:\xampp\htdocs\proiectpw\public\index.php(81): App\Service\GameService->createGame('Test Game')
#5 C:\xampp\htdocs\proiectpw\vendor\slim\slim\Slim\Handlers\Strategies\RequestResponse.php(39): {closure:C:\xampp\htdocs\proiectpw\public\index.php:77}(Object(Slim\Psr7\Request), Object(Slim\Psr7\Response), Array)
#6 C:\xampp\htdocs\proiectpw\vendor\slim\slim\Slim\Routing\Route.php(362): Slim\Handlers\Strategies\RequestResponse->__invoke(Object(Closure), Object(Slim\Psr7\Request), Object(Slim\Psr7\Response), Array)
#7 C:\xampp\htdocs\proiectpw\vendor\slim\slim\Slim\MiddlewareDispatcher.php(73): Slim\Routing\Route->handle(Object(Slim\Psr7\Request))
#8 C:\xampp\htdocs\proiectpw\vendor\slim\slim\Slim\MiddlewareDispatcher.php(73): Slim\MiddlewareDispatcher->handle(Object(Slim\Psr7\Request))
#9 C:\xampp\htdocs\proiectpw\vendor\slim\slim\Slim\Routing\Route.php(321): Slim\MiddlewareDispatcher->handle(Object(Slim\Psr7\Request))
#10 C:\xampp\htdocs\proiectpw\vendor\slim\slim\Slim\Routing\RouteRunner.php(74): Slim\Routing\Route->run(Object(Slim\Psr7\Request))
#11 C:\xampp\htdocs\proiectpw\vendor\slim\slim\Slim\Middleware\BodyParsingMiddleware.php(64): Slim\Routing\RouteRunner->handle(Object(Slim\Psr7\Request))
#12 C:\xampp\htdocs\proiectpw\vendor\slim\slim\Slim\MiddlewareDispatcher.php(129): Slim\Middleware\BodyParsingMiddleware->process(Object(Slim\Psr7\Request), Object(Slim\Routing\RouteRunner))
#13 C:\xampp\htdocs\proiectpw\vendor\slim\slim\Slim\Middleware\ErrorMiddleware.php(77): Psr\Http\Server\RequestHandlerInterface@anonymous->handle(Object(Slim\Psr7\Request))
#14 C:\xampp\htdocs\proiectpw\vendor\slim\slim\Slim\MiddlewareDispatcher.php(129): Slim\Middleware\ErrorMiddleware->process(Object(Slim\Psr7\Request), Object(Psr\Http\Server\RequestHandlerInterface@anonymous))
#15 C:\xampp\htdocs\proiectpw\src\Middleware\AclMiddleware.php(28): Psr\Http\Server\RequestHandlerInterface@anonymous->handle(Object(Slim\Psr7\Request))
#16 C:\xampp\htdocs\proiectpw\vendor\slim\slim\Slim\MiddlewareDispatcher.php(129): App\Middleware\AclMiddleware->process(Object(Slim\Psr7\Request), Object(Psr\Http\Server\RequestHandlerInterface@anonymous))
#17 C:\xampp\htdocs\proiectpw\vendor\slim\slim\Slim\MiddlewareDispatcher.php(73): Psr\Http\Server\RequestHandlerInterface@anonymous->handle(Object(Slim\Psr7\Request))
#18 C:\xampp\htdocs\proiectpw\vendor\slim\slim\Slim\App.php(209): Slim\MiddlewareDispatcher->handle(Object(Slim\Psr7\Request))
#19 C:\xampp\htdocs\proiectpw\vendor\slim\slim\Slim\App.php(193): Slim\App->handle(Object(Slim\Psr7\Request))
#20 C:\xampp\htdocs\proiectpw\public\index.php(218): Slim\App->run()
#21 {main}
[26-Apr-2026 15:56:36 UTC] 404 Not Found
Type: Slim\Exception\HttpNotFoundException
Code: 404
Message: Not found.
File: C:\xampp\htdocs\proiectpw\vendor\slim\slim\Slim\Middleware\RoutingMiddleware.php
Line: 76
Trace: #0 C:\xampp\htdocs\proiectpw\vendor\slim\slim\Slim\Routing\RouteRunner.php(62): Slim\Middleware\RoutingMiddleware->performRouting(Object(Slim\Psr7\Request))
#1 C:\xampp\htdocs\proiectpw\vendor\slim\slim\Slim\Middleware\BodyParsingMiddleware.php(64): Slim\Routing\RouteRunner->handle(Object(Slim\Psr7\Request))
#2 C:\xampp\htdocs\proiectpw\vendor\slim\slim\Slim\MiddlewareDispatcher.php(129): Slim\Middleware\BodyParsingMiddleware->process(Object(Slim\Psr7\Request), Object(Slim\Routing\RouteRunner))
#3 C:\xampp\htdocs\proiectpw\vendor\slim\slim\Slim\Middleware\ErrorMiddleware.php(77): Psr\Http\Server\RequestHandlerInterface@anonymous->handle(Object(Slim\Psr7\Request))
#4 C:\xampp\htdocs\proiectpw\vendor\slim\slim\Slim\MiddlewareDispatcher.php(129): Slim\Middleware\ErrorMiddleware->process(Object(Slim\Psr7\Request), Object(Psr\Http\Server\RequestHandlerInterface@anonymous))
#5 C:\xampp\htdocs\proiectpw\src\Middleware\AclMiddleware.php(28): Psr\Http\Server\RequestHandlerInterface@anonymous->handle(Object(Slim\Psr7\Request))
#6 C:\xampp\htdocs\proiectpw\vendor\slim\slim\Slim\MiddlewareDispatcher.php(129): App\Middleware\AclMiddleware->process(Object(Slim\Psr7\Request), Object(Psr\Http\Server\RequestHandlerInterface@anonymous))
#7 C:\xampp\htdocs\proiectpw\vendor\slim\slim\Slim\MiddlewareDispatcher.php(73): Psr\Http\Server\RequestHandlerInterface@anonymous->handle(Object(Slim\Psr7\Request))
#8 C:\xampp\htdocs\proiectpw\vendor\slim\slim\Slim\App.php(209): Slim\MiddlewareDispatcher->handle(Object(Slim\Psr7\Request))
#9 C:\xampp\htdocs\proiectpw\vendor\slim\slim\Slim\App.php(193): Slim\App->handle(Object(Slim\Psr7\Request))
#10 C:\xampp\htdocs\proiectpw\public\index.php(218): Slim\App->run()
#11 {main}
[26-Apr-2026 15:56:47 UTC] Slim Application Error
Type: RuntimeException
Code: 0
Message: Database statement failed: An exception occurred while executing a query: SQLSTATE[HY000]: General error: 25 column index out of range
File: C:\xampp\htdocs\proiectpw\src\Database\Database.php
Line: 38
Trace: #0 C:\xampp\htdocs\proiectpw\src\Repository\GameRepository.php(85): App\Database\Database->executeStatement('\r\n            U...', Array)
#1 C:\xampp\htdocs\proiectpw\src\Repository\GameRepository.php(61): App\Repository\GameRepository->update(Array)
#2 C:\xampp\htdocs\proiectpw\src\Service\GameService.php(120): App\Repository\GameRepository->save(Array)
#3 C:\xampp\htdocs\proiectpw\public\index.php(119): App\Service\GameService->drawCard('game_69ee35abef...', 'p1')
#4 C:\xampp\htdocs\proiectpw\vendor\slim\slim\Slim\Handlers\Strategies\RequestResponse.php(39): {closure:C:\xampp\htdocs\proiectpw\public\index.php:116}(Object(Slim\Psr7\Request), Object(Slim\Psr7\Response), Array)
#5 C:\xampp\htdocs\proiectpw\vendor\slim\slim\Slim\Routing\Route.php(362): Slim\Handlers\Strategies\RequestResponse->__invoke(Object(Closure), Object(Slim\Psr7\Request), Object(Slim\Psr7\Response), Array)
#6 C:\xampp\htdocs\proiectpw\vendor\slim\slim\Slim\MiddlewareDispatcher.php(73): Slim\Routing\Route->handle(Object(Slim\Psr7\Request))
#7 C:\xampp\htdocs\proiectpw\vendor\slim\slim\Slim\MiddlewareDispatcher.php(73): Slim\MiddlewareDispatcher->handle(Object(Slim\Psr7\Request))
#8 C:\xampp\htdocs\proiectpw\vendor\slim\slim\Slim\Routing\Route.php(321): Slim\MiddlewareDispatcher->handle(Object(Slim\Psr7\Request))
#9 C:\xampp\htdocs\proiectpw\vendor\slim\slim\Slim\Routing\RouteRunner.php(74): Slim\Routing\Route->run(Object(Slim\Psr7\Request))
#10 C:\xampp\htdocs\proiectpw\vendor\slim\slim\Slim\Middleware\BodyParsingMiddleware.php(64): Slim\Routing\RouteRunner->handle(Object(Slim\Psr7\Request))
#11 C:\xampp\htdocs\proiectpw\vendor\slim\slim\Slim\MiddlewareDispatcher.php(129): Slim\Middleware\BodyParsingMiddleware->process(Object(Slim\Psr7\Request), Object(Slim\Routing\RouteRunner))
#12 C:\xampp\htdocs\proiectpw\vendor\slim\slim\Slim\Middleware\ErrorMiddleware.php(77): Psr\Http\Server\RequestHandlerInterface@anonymous->handle(Object(Slim\Psr7\Request))
#13 C:\xampp\htdocs\proiectpw\vendor\slim\slim\Slim\MiddlewareDispatcher.php(129): Slim\Middleware\ErrorMiddleware->process(Object(Slim\Psr7\Request), Object(Psr\Http\Server\RequestHandlerInterface@anonymous))
#14 C:\xampp\htdocs\proiectpw\src\Middleware\AclMiddleware.php(28): Psr\Http\Server\RequestHandlerInterface@anonymous->handle(Object(Slim\Psr7\Request))
#15 C:\xampp\htdocs\proiectpw\vendor\slim\slim\Slim\MiddlewareDispatcher.php(129): App\Middleware\AclMiddleware->process(Object(Slim\Psr7\Request), Object(Psr\Http\Server\RequestHandlerInterface@anonymous))
#16 C:\xampp\htdocs\proiectpw\vendor\slim\slim\Slim\MiddlewareDispatcher.php(73): Psr\Http\Server\RequestHandlerInterface@anonymous->handle(Object(Slim\Psr7\Request))
#17 C:\xampp\htdocs\proiectpw\vendor\slim\slim\Slim\App.php(209): Slim\MiddlewareDispatcher->handle(Object(Slim\Psr7\Request))
#18 C:\xampp\htdocs\proiectpw\vendor\slim\slim\Slim\App.php(193): Slim\App->handle(Object(Slim\Psr7\Request))
#19 C:\xampp\htdocs\proiectpw\public\index.php(218): Slim\App->run()
#20 {main}
[26-Apr-2026 15:58:15 UTC] Slim Application Error
Type: Error
Code: 0
Message: Call to undefined method App\Service\GameService::getAllCards()
File: C:\xampp\htdocs\proiectpw\public\index.php
Line: 109
Trace: #0 C:\xampp\htdocs\proiectpw\vendor\slim\slim\Slim\Handlers\Strategies\RequestResponse.php(39): {closure:C:\xampp\htdocs\proiectpw\public\index.php:108}(Object(Slim\Psr7\Request), Object(Slim\Psr7\Response), Array)
#1 C:\xampp\htdocs\proiectpw\vendor\slim\slim\Slim\Routing\Route.php(362): Slim\Handlers\Strategies\RequestResponse->__invoke(Object(Closure), Object(Slim\Psr7\Request), Object(Slim\Psr7\Response), Array)
#2 C:\xampp\htdocs\proiectpw\vendor\slim\slim\Slim\MiddlewareDispatcher.php(73): Slim\Routing\Route->handle(Object(Slim\Psr7\Request))
#3 C:\xampp\htdocs\proiectpw\vendor\slim\slim\Slim\MiddlewareDispatcher.php(73): Slim\MiddlewareDispatcher->handle(Object(Slim\Psr7\Request))
#4 C:\xampp\htdocs\proiectpw\vendor\slim\slim\Slim\Routing\Route.php(321): Slim\MiddlewareDispatcher->handle(Object(Slim\Psr7\Request))
#5 C:\xampp\htdocs\proiectpw\vendor\slim\slim\Slim\Routing\RouteRunner.php(74): Slim\Routing\Route->run(Object(Slim\Psr7\Request))
#6 C:\xampp\htdocs\proiectpw\vendor\slim\slim\Slim\Middleware\BodyParsingMiddleware.php(64): Slim\Routing\RouteRunner->handle(Object(Slim\Psr7\Request))
#7 C:\xampp\htdocs\proiectpw\vendor\slim\slim\Slim\MiddlewareDispatcher.php(129): Slim\Middleware\BodyParsingMiddleware->process(Object(Slim\Psr7\Request), Object(Slim\Routing\RouteRunner))
#8 C:\xampp\htdocs\proiectpw\vendor\slim\slim\Slim\Middleware\ErrorMiddleware.php(77): Psr\Http\Server\RequestHandlerInterface@anonymous->handle(Object(Slim\Psr7\Request))
#9 C:\xampp\htdocs\proiectpw\vendor\slim\slim\Slim\MiddlewareDispatcher.php(129): Slim\Middleware\ErrorMiddleware->process(Object(Slim\Psr7\Request), Object(Psr\Http\Server\RequestHandlerInterface@anonymous))
#10 C:\xampp\htdocs\proiectpw\src\Middleware\AclMiddleware.php(28): Psr\Http\Server\RequestHandlerInterface@anonymous->handle(Object(Slim\Psr7\Request))
#11 C:\xampp\htdocs\proiectpw\vendor\slim\slim\Slim\MiddlewareDispatcher.php(129): App\Middleware\AclMiddleware->process(Object(Slim\Psr7\Request), Object(Psr\Http\Server\RequestHandlerInterface@anonymous))
#12 C:\xampp\htdocs\proiectpw\vendor\slim\slim\Slim\MiddlewareDispatcher.php(73): Psr\Http\Server\RequestHandlerInterface@anonymous->handle(Object(Slim\Psr7\Request))
#13 C:\xampp\htdocs\proiectpw\vendor\slim\slim\Slim\App.php(209): Slim\MiddlewareDispatcher->handle(Object(Slim\Psr7\Request))
#14 C:\xampp\htdocs\proiectpw\vendor\slim\slim\Slim\App.php(193): Slim\App->handle(Object(Slim\Psr7\Request))
#15 C:\xampp\htdocs\proiectpw\public\index.php(218): Slim\App->run()
#16 {main}
[27-Apr-2026 16:57:44 UTC] 404 Not Found
Type: Slim\Exception\HttpNotFoundException
Code: 404
Message: Not found.
File: C:\xampp\htdocs\proiectpw\vendor\slim\slim\Slim\Middleware\RoutingMiddleware.php
Line: 76
Trace: #0 C:\xampp\htdocs\proiectpw\vendor\slim\slim\Slim\Routing\RouteRunner.php(62): Slim\Middleware\RoutingMiddleware->performRouting(Object(Slim\Psr7\Request))
#1 C:\xampp\htdocs\proiectpw\vendor\slim\slim\Slim\Middleware\BodyParsingMiddleware.php(64): Slim\Routing\RouteRunner->handle(Object(Slim\Psr7\Request))
#2 C:\xampp\htdocs\proiectpw\vendor\slim\slim\Slim\MiddlewareDispatcher.php(129): Slim\Middleware\BodyParsingMiddleware->process(Object(Slim\Psr7\Request), Object(Slim\Routing\RouteRunner))
#3 C:\xampp\htdocs\proiectpw\vendor\slim\slim\Slim\Middleware\ErrorMiddleware.php(77): Psr\Http\Server\RequestHandlerInterface@anonymous->handle(Object(Slim\Psr7\Request))
#4 C:\xampp\htdocs\proiectpw\vendor\slim\slim\Slim\MiddlewareDispatcher.php(129): Slim\Middleware\ErrorMiddleware->process(Object(Slim\Psr7\Request), Object(Psr\Http\Server\RequestHandlerInterface@anonymous))
#5 C:\xampp\htdocs\proiectpw\src\Middleware\AclMiddleware.php(26): Psr\Http\Server\RequestHandlerInterface@anonymous->handle(Object(Slim\Psr7\Request))
#6 C:\xampp\htdocs\proiectpw\vendor\slim\slim\Slim\MiddlewareDispatcher.php(129): App\Middleware\AclMiddleware->process(Object(Slim\Psr7\Request), Object(Psr\Http\Server\RequestHandlerInterface@anonymous))
#7 C:\xampp\htdocs\proiectpw\vendor\slim\slim\Slim\MiddlewareDispatcher.php(73): Psr\Http\Server\RequestHandlerInterface@anonymous->handle(Object(Slim\Psr7\Request))
#8 C:\xampp\htdocs\proiectpw\vendor\slim\slim\Slim\App.php(209): Slim\MiddlewareDispatcher->handle(Object(Slim\Psr7\Request))
#9 C:\xampp\htdocs\proiectpw\vendor\slim\slim\Slim\App.php(193): Slim\App->handle(Object(Slim\Psr7\Request))
#10 C:\xampp\htdocs\proiectpw\public\index.php(218): Slim\App->run()
#11 {main}
[27-Apr-2026 16:58:24 UTC] 404 Not Found
Type: Slim\Exception\HttpNotFoundException
Code: 404
Message: Not found.
File: C:\xampp\htdocs\proiectpw\vendor\slim\slim\Slim\Middleware\RoutingMiddleware.php
Line: 76
Trace: #0 C:\xampp\htdocs\proiectpw\vendor\slim\slim\Slim\Routing\RouteRunner.php(62): Slim\Middleware\RoutingMiddleware->performRouting(Object(Slim\Psr7\Request))
#1 C:\xampp\htdocs\proiectpw\vendor\slim\slim\Slim\Middleware\BodyParsingMiddleware.php(64): Slim\Routing\RouteRunner->handle(Object(Slim\Psr7\Request))
#2 C:\xampp\htdocs\proiectpw\vendor\slim\slim\Slim\MiddlewareDispatcher.php(129): Slim\Middleware\BodyParsingMiddleware->process(Object(Slim\Psr7\Request), Object(Slim\Routing\RouteRunner))
#3 C:\xampp\htdocs\proiectpw\vendor\slim\slim\Slim\Middleware\ErrorMiddleware.php(77): Psr\Http\Server\RequestHandlerInterface@anonymous->handle(Object(Slim\Psr7\Request))
#4 C:\xampp\htdocs\proiectpw\vendor\slim\slim\Slim\MiddlewareDispatcher.php(129): Slim\Middleware\ErrorMiddleware->process(Object(Slim\Psr7\Request), Object(Psr\Http\Server\RequestHandlerInterface@anonymous))
#5 C:\xampp\htdocs\proiectpw\src\Middleware\AclMiddleware.php(26): Psr\Http\Server\RequestHandlerInterface@anonymous->handle(Object(Slim\Psr7\Request))
#6 C:\xampp\htdocs\proiectpw\vendor\slim\slim\Slim\MiddlewareDispatcher.php(129): App\Middleware\AclMiddleware->process(Object(Slim\Psr7\Request), Object(Psr\Http\Server\RequestHandlerInterface@anonymous))
#7 C:\xampp\htdocs\proiectpw\vendor\slim\slim\Slim\MiddlewareDispatcher.php(73): Psr\Http\Server\RequestHandlerInterface@anonymous->handle(Object(Slim\Psr7\Request))
#8 C:\xampp\htdocs\proiectpw\vendor\slim\slim\Slim\App.php(209): Slim\MiddlewareDispatcher->handle(Object(Slim\Psr7\Request))
#9 C:\xampp\htdocs\proiectpw\vendor\slim\slim\Slim\App.php(193): Slim\App->handle(Object(Slim\Psr7\Request))
#10 C:\xampp\htdocs\proiectpw\public\index.php(218): Slim\App->run()
#11 {main}
[27-Apr-2026 17:01:07 UTC] 404 Not Found
Type: Slim\Exception\HttpNotFoundException
Code: 404
Message: Not found.
File: C:\xampp\htdocs\proiectpw\vendor\slim\slim\Slim\Middleware\RoutingMiddleware.php
Line: 76
Trace: #0 C:\xampp\htdocs\proiectpw\vendor\slim\slim\Slim\Routing\RouteRunner.php(62): Slim\Middleware\RoutingMiddleware->performRouting(Object(Slim\Psr7\Request))
#1 C:\xampp\htdocs\proiectpw\vendor\slim\slim\Slim\Middleware\BodyParsingMiddleware.php(64): Slim\Routing\RouteRunner->handle(Object(Slim\Psr7\Request))
#2 C:\xampp\htdocs\proiectpw\vendor\slim\slim\Slim\MiddlewareDispatcher.php(129): Slim\Middleware\BodyParsingMiddleware->process(Object(Slim\Psr7\Request), Object(Slim\Routing\RouteRunner))
#3 C:\xampp\htdocs\proiectpw\vendor\slim\slim\Slim\Middleware\ErrorMiddleware.php(77): Psr\Http\Server\RequestHandlerInterface@anonymous->handle(Object(Slim\Psr7\Request))
#4 C:\xampp\htdocs\proiectpw\vendor\slim\slim\Slim\MiddlewareDispatcher.php(129): Slim\Middleware\ErrorMiddleware->process(Object(Slim\Psr7\Request), Object(Psr\Http\Server\RequestHandlerInterface@anonymous))
#5 C:\xampp\htdocs\proiectpw\src\Middleware\AclMiddleware.php(26): Psr\Http\Server\RequestHandlerInterface@anonymous->handle(Object(Slim\Psr7\Request))
#6 C:\xampp\htdocs\proiectpw\vendor\slim\slim\Slim\MiddlewareDispatcher.php(129): App\Middleware\AclMiddleware->process(Object(Slim\Psr7\Request), Object(Psr\Http\Server\RequestHandlerInterface@anonymous))
#7 C:\xampp\htdocs\proiectpw\vendor\slim\slim\Slim\MiddlewareDispatcher.php(73): Psr\Http\Server\RequestHandlerInterface@anonymous->handle(Object(Slim\Psr7\Request))
#8 C:\xampp\htdocs\proiectpw\vendor\slim\slim\Slim\App.php(209): Slim\MiddlewareDispatcher->handle(Object(Slim\Psr7\Request))
#9 C:\xampp\htdocs\proiectpw\vendor\slim\slim\Slim\App.php(193): Slim\App->handle(Object(Slim\Psr7\Request))
#10 C:\xampp\htdocs\proiectpw\public\index.php(218): Slim\App->run()
#11 {main}
[27-Apr-2026 17:02:21 UTC] 405 Method Not Allowed
Type: Slim\Exception\HttpMethodNotAllowedException
Code: 405
Message: Method not allowed. Must be one of: POST
File: C:\xampp\htdocs\proiectpw\vendor\slim\slim\Slim\Middleware\RoutingMiddleware.php
Line: 79
Trace: #0 C:\xampp\htdocs\proiectpw\vendor\slim\slim\Slim\Routing\RouteRunner.php(62): Slim\Middleware\RoutingMiddleware->performRouting(Object(Slim\Psr7\Request))
#1 C:\xampp\htdocs\proiectpw\vendor\slim\slim\Slim\Middleware\BodyParsingMiddleware.php(64): Slim\Routing\RouteRunner->handle(Object(Slim\Psr7\Request))
#2 C:\xampp\htdocs\proiectpw\vendor\slim\slim\Slim\MiddlewareDispatcher.php(129): Slim\Middleware\BodyParsingMiddleware->process(Object(Slim\Psr7\Request), Object(Slim\Routing\RouteRunner))
#3 C:\xampp\htdocs\proiectpw\vendor\slim\slim\Slim\Middleware\ErrorMiddleware.php(77): Psr\Http\Server\RequestHandlerInterface@anonymous->handle(Object(Slim\Psr7\Request))
#4 C:\xampp\htdocs\proiectpw\vendor\slim\slim\Slim\MiddlewareDispatcher.php(129): Slim\Middleware\ErrorMiddleware->process(Object(Slim\Psr7\Request), Object(Psr\Http\Server\RequestHandlerInterface@anonymous))
#5 C:\xampp\htdocs\proiectpw\src\Middleware\AclMiddleware.php(26): Psr\Http\Server\RequestHandlerInterface@anonymous->handle(Object(Slim\Psr7\Request))
#6 C:\xampp\htdocs\proiectpw\vendor\slim\slim\Slim\MiddlewareDispatcher.php(129): App\Middleware\AclMiddleware->process(Object(Slim\Psr7\Request), Object(Psr\Http\Server\RequestHandlerInterface@anonymous))
#7 C:\xampp\htdocs\proiectpw\vendor\slim\slim\Slim\MiddlewareDispatcher.php(73): Psr\Http\Server\RequestHandlerInterface@anonymous->handle(Object(Slim\Psr7\Request))
#8 C:\xampp\htdocs\proiectpw\vendor\slim\slim\Slim\App.php(209): Slim\MiddlewareDispatcher->handle(Object(Slim\Psr7\Request))
#9 C:\xampp\htdocs\proiectpw\vendor\slim\slim\Slim\App.php(193): Slim\App->handle(Object(Slim\Psr7\Request))
#10 C:\xampp\htdocs\proiectpw\public\index.php(218): Slim\App->run()
#11 {main}
[27-Apr-2026 17:24:01 UTC] 404 Not Found
Type: Slim\Exception\HttpNotFoundException
Code: 404
Message: Not found.
File: C:\xampp\htdocs\proiectpw\vendor\slim\slim\Slim\Middleware\RoutingMiddleware.php
Line: 76
Trace: #0 C:\xampp\htdocs\proiectpw\vendor\slim\slim\Slim\Routing\RouteRunner.php(62): Slim\Middleware\RoutingMiddleware->performRouting(Object(Slim\Psr7\Request))
#1 C:\xampp\htdocs\proiectpw\vendor\slim\slim\Slim\Middleware\BodyParsingMiddleware.php(64): Slim\Routing\RouteRunner->handle(Object(Slim\Psr7\Request))
#2 C:\xampp\htdocs\proiectpw\vendor\slim\slim\Slim\MiddlewareDispatcher.php(129): Slim\Middleware\BodyParsingMiddleware->process(Object(Slim\Psr7\Request), Object(Slim\Routing\RouteRunner))
#3 C:\xampp\htdocs\proiectpw\vendor\slim\slim\Slim\Middleware\ErrorMiddleware.php(77): Psr\Http\Server\RequestHandlerInterface@anonymous->handle(Object(Slim\Psr7\Request))
#4 C:\xampp\htdocs\proiectpw\vendor\slim\slim\Slim\MiddlewareDispatcher.php(129): Slim\Middleware\ErrorMiddleware->process(Object(Slim\Psr7\Request), Object(Psr\Http\Server\RequestHandlerInterface@anonymous))
#5 C:\xampp\htdocs\proiectpw\src\Middleware\AclMiddleware.php(26): Psr\Http\Server\RequestHandlerInterface@anonymous->handle(Object(Slim\Psr7\Request))
#6 C:\xampp\htdocs\proiectpw\vendor\slim\slim\Slim\MiddlewareDispatcher.php(129): App\Middleware\AclMiddleware->process(Object(Slim\Psr7\Request), Object(Psr\Http\Server\RequestHandlerInterface@anonymous))
#7 C:\xampp\htdocs\proiectpw\vendor\slim\slim\Slim\MiddlewareDispatcher.php(73): Psr\Http\Server\RequestHandlerInterface@anonymous->handle(Object(Slim\Psr7\Request))
#8 C:\xampp\htdocs\proiectpw\vendor\slim\slim\Slim\App.php(209): Slim\MiddlewareDispatcher->handle(Object(Slim\Psr7\Request))
#9 C:\xampp\htdocs\proiectpw\vendor\slim\slim\Slim\App.php(193): Slim\App->handle(Object(Slim\Psr7\Request))
#10 C:\xampp\htdocs\proiectpw\public\index.php(284): Slim\App->run()
#11 {main}
[27-Apr-2026 17:30:17 UTC] 404 Not Found
Type: Slim\Exception\HttpNotFoundException
Code: 404
Message: Not found.
File: C:\xampp\htdocs\proiectpw\vendor\slim\slim\Slim\Middleware\RoutingMiddleware.php
Line: 76
Trace: #0 C:\xampp\htdocs\proiectpw\vendor\slim\slim\Slim\Routing\RouteRunner.php(62): Slim\Middleware\RoutingMiddleware->performRouting(Object(Slim\Psr7\Request))
#1 C:\xampp\htdocs\proiectpw\vendor\slim\slim\Slim\Middleware\BodyParsingMiddleware.php(64): Slim\Routing\RouteRunner->handle(Object(Slim\Psr7\Request))
#2 C:\xampp\htdocs\proiectpw\vendor\slim\slim\Slim\MiddlewareDispatcher.php(129): Slim\Middleware\BodyParsingMiddleware->process(Object(Slim\Psr7\Request), Object(Slim\Routing\RouteRunner))
#3 C:\xampp\htdocs\proiectpw\vendor\slim\slim\Slim\Middleware\ErrorMiddleware.php(77): Psr\Http\Server\RequestHandlerInterface@anonymous->handle(Object(Slim\Psr7\Request))
#4 C:\xampp\htdocs\proiectpw\vendor\slim\slim\Slim\MiddlewareDispatcher.php(129): Slim\Middleware\ErrorMiddleware->process(Object(Slim\Psr7\Request), Object(Psr\Http\Server\RequestHandlerInterface@anonymous))
#5 C:\xampp\htdocs\proiectpw\src\Middleware\AclMiddleware.php(26): Psr\Http\Server\RequestHandlerInterface@anonymous->handle(Object(Slim\Psr7\Request))
#6 C:\xampp\htdocs\proiectpw\vendor\slim\slim\Slim\MiddlewareDispatcher.php(129): App\Middleware\AclMiddleware->process(Object(Slim\Psr7\Request), Object(Psr\Http\Server\RequestHandlerInterface@anonymous))
#7 C:\xampp\htdocs\proiectpw\vendor\slim\slim\Slim\MiddlewareDispatcher.php(73): Psr\Http\Server\RequestHandlerInterface@anonymous->handle(Object(Slim\Psr7\Request))
#8 C:\xampp\htdocs\proiectpw\vendor\slim\slim\Slim\App.php(209): Slim\MiddlewareDispatcher->handle(Object(Slim\Psr7\Request))
#9 C:\xampp\htdocs\proiectpw\vendor\slim\slim\Slim\App.php(193): Slim\App->handle(Object(Slim\Psr7\Request))
#10 C:\xampp\htdocs\proiectpw\public\index.php(284): Slim\App->run()
#11 {main}
[27-Apr-2026 17:46:22 UTC] 404 Not Found
Type: Slim\Exception\HttpNotFoundException
Code: 404
Message: Not found.
File: C:\xampp\htdocs\proiectpw\vendor\slim\slim\Slim\Middleware\RoutingMiddleware.php
Line: 76
Trace: #0 C:\xampp\htdocs\proiectpw\vendor\slim\slim\Slim\Routing\RouteRunner.php(62): Slim\Middleware\RoutingMiddleware->performRouting(Object(Slim\Psr7\Request))
#1 C:\xampp\htdocs\proiectpw\vendor\slim\slim\Slim\Middleware\BodyParsingMiddleware.php(64): Slim\Routing\RouteRunner->handle(Object(Slim\Psr7\Request))
#2 C:\xampp\htdocs\proiectpw\vendor\slim\slim\Slim\MiddlewareDispatcher.php(129): Slim\Middleware\BodyParsingMiddleware->process(Object(Slim\Psr7\Request), Object(Slim\Routing\RouteRunner))
#3 C:\xampp\htdocs\proiectpw\vendor\slim\slim\Slim\Middleware\ErrorMiddleware.php(77): Psr\Http\Server\RequestHandlerInterface@anonymous->handle(Object(Slim\Psr7\Request))
#4 C:\xampp\htdocs\proiectpw\vendor\slim\slim\Slim\MiddlewareDispatcher.php(129): Slim\Middleware\ErrorMiddleware->process(Object(Slim\Psr7\Request), Object(Psr\Http\Server\RequestHandlerInterface@anonymous))
#5 C:\xampp\htdocs\proiectpw\src\Middleware\AclMiddleware.php(37): Psr\Http\Server\RequestHandlerInterface@anonymous->handle(Object(Slim\Psr7\Request))
#6 C:\xampp\htdocs\proiectpw\vendor\slim\slim\Slim\MiddlewareDispatcher.php(129): App\Middleware\AclMiddleware->process(Object(Slim\Psr7\Request), Object(Psr\Http\Server\RequestHandlerInterface@anonymous))
#7 C:\xampp\htdocs\proiectpw\vendor\slim\slim\Slim\MiddlewareDispatcher.php(73): Psr\Http\Server\RequestHandlerInterface@anonymous->handle(Object(Slim\Psr7\Request))
#8 C:\xampp\htdocs\proiectpw\vendor\slim\slim\Slim\App.php(209): Slim\MiddlewareDispatcher->handle(Object(Slim\Psr7\Request))
#9 C:\xampp\htdocs\proiectpw\vendor\slim\slim\Slim\App.php(193): Slim\App->handle(Object(Slim\Psr7\Request))
#10 C:\xampp\htdocs\proiectpw\public\index.php(348): Slim\App->run()
#11 {main}
